<?xml version="1.0" encoding="UTF-8"?>
<Site BuildName="Darwin-g++-13"
	BuildStamp="20240922-1518-Continuous"
	Name="MacBook-Pro-Valerij.local"
	Generator="ctest-3.27.8"
	CompilerName="/opt/homebrew/bin/g++-13"
	CompilerVersion="13.2.0"
	OSName="macOS"
	Hostname="MacBook-Pro-Valerij.local"
	OSRelease="15.0"
	OSVersion="24A335"
	OSPlatform="arm64"
	Is64Bits="1"
	VendorString="IBM"
	VendorID="IBM"
	FamilyID="16777228"
	ModelID="2"
	ProcessorCacheSize="131072"
	NumberOfLogicalCPU="10"
	NumberOfPhysicalCPU="10"
	TotalVirtualMemory="0"
	TotalPhysicalMemory="16384"
	LogicalProcessorsPerPhysical="10"
	ProcessorClockFrequency="0"
	>
	<Build>
		<StartDateTime>Sep 22 18:18 +03</StartDateTime>
		<StartBuildTime>1727018305</StartBuildTime>
		<BuildCommand>/Users/ctraxxd/Applications/CLion.app/Contents/bin/cmake/mac/aarch64/bin/cmake --build . --config "Release"</BuildCommand>
		<Log Encoding="base64" Compression="bin/gzip"/>
		<EndDateTime>Sep 22 18:18 +03</EndDateTime>
		<EndBuildTime>1727018309</EndBuildTime>
		<ElapsedMinutes>0</ElapsedMinutes>
	</Build>
</Site>
