<?xml version="1.0" encoding="UTF-8"?>
<Site BuildName="Darwin-g++-13"
	BuildStamp="20240922-1519-Continuous"
	Name="MacBook-Pro-Valerij.local"
	Generator="ctest-3.27.8"
	CompilerName="/opt/homebrew/bin/g++-13"
	CompilerVersion="13.2.0"
	OSName="macOS"
	Hostname="MacBook-Pro-Valerij.local"
	OSRelease="15.0"
	OSVersion="24A335"
	OSPlatform="arm64"
	Is64Bits="1"
	VendorString="IBM"
	VendorID="IBM"
	FamilyID="16777228"
	ModelID="2"
	ProcessorCacheSize="131072"
	NumberOfLogicalCPU="10"
	NumberOfPhysicalCPU="10"
	TotalVirtualMemory="0"
	TotalPhysicalMemory="16384"
	LogicalProcessorsPerPhysical="10"
	ProcessorClockFrequency="0"
	>
	<Configure>
		<StartDateTime>Sep 22 18:19 +03</StartDateTime>
		<StartConfigureTime>1727018364</StartConfigureTime>
		<ConfigureCommand>"/Users/ctraxxd/Applications/CLion.app/Contents/bin/cmake/mac/aarch64/bin/cmake" "/Users/ctraxxd/Documents/453502/OAiP/LR1/GTEST"</ConfigureCommand>
		<Log>-- The C compiler identification is AppleClang 15.0.0.15000100
-- The CXX compiler identification is AppleClang 15.0.0.15000100
-- Detecting C compiler ABI info
-- Detecting C compiler ABI info - done
-- Check for working C compiler: /Applications/Xcode.app/Contents/Developer/Toolchains/XcodeDefault.xctoolchain/usr/bin/cc - skipped
-- Detecting C compile features
-- Detecting C compile features - done
-- Detecting CXX compiler ABI info
-- Detecting CXX compiler ABI info - done
-- Check for working CXX compiler: /Applications/Xcode.app/Contents/Developer/Toolchains/XcodeDefault.xctoolchain/usr/bin/c++ - skipped
-- Detecting CXX compile features
-- Detecting CXX compile features - done
-- Configuring done (0.5s)
-- Generating done (0.1s)
-- Build files have been written to: /Users/ctraxxd/Documents/453502/OAiP/LR1/GTEST
</Log>
		<ConfigureStatus>0</ConfigureStatus>
		<EndDateTime>Sep 22 18:19 +03</EndDateTime>
		<EndConfigureTime>1727018365</EndConfigureTime>
		<ElapsedMinutes>0</ElapsedMinutes>
	</Configure>
</Site>
